
*** Running vivado
    with args -log topModule.vds -m64 -product Vivado -mode batch -messageDb vivado.pb -notrace -source topModule.tcl



****** Vivado v2024.1 (64-bit)
  **** SW Build 5076996 on Wed May 22 18:37:14 MDT 2024
  **** IP Build 5075265 on Wed May 22 21:45:21 MDT 2024
  **** SharedData Build 5076995 on Wed May 22 18:29:18 MDT 2024
  **** Start of session at: Tue Feb 24 17:00:31 2026
    ** Copyright 1986-2022 Xilinx, Inc. All Rights Reserved.
    ** Copyright 2022-2024 Advanced Micro Devices, Inc. All Rights Reserved.

source topModule.tcl -notrace
create_project: Time (s): cpu = 00:00:07 ; elapsed = 00:00:07 . Memory (MB): peak = 568.621 ; gain = 240.434
Command: read_checkpoint -auto_incremental -incremental D:/ProiecteSuplimentare/HumidityRead/HumidityRead/HumidityRead.srcs/utils_1/imports/synth_1/SSD.dcp
INFO: [Vivado 12-5825] Read reference checkpoint from D:/ProiecteSuplimentare/HumidityRead/HumidityRead/HumidityRead.srcs/utils_1/imports/synth_1/SSD.dcp for incremental synthesis
INFO: [Vivado 12-7989] Please ensure there are no constraint changes
Command: synth_design -top topModule -part xc7a35tcpg236-1
Starting synth_design
Attempting to get a license for feature 'Synthesis' and/or device 'xc7a35t'
INFO: [Common 17-349] Got license for feature 'Synthesis' and/or device 'xc7a35t'
INFO: [Device 21-403] Loading part xc7a35tcpg236-1
INFO: [Device 21-9227] Part: xc7a35tcpg236-1 does not have CEAM library.
INFO: [Designutils 20-5440] No compile time benefit to using incremental synthesis; A full resynthesis will be run
INFO: [Designutils 20-4379] Flow is switching to default flow due to incremental criteria not met. If you would like to alter this behaviour and have the flow terminate instead, please set the following parameter config_implementation {autoIncr.Synth.RejectBehavior Terminate}
INFO: [Synth 8-7079] Multithreading enabled for synth_design using a maximum of 2 processes.
INFO: [Synth 8-7078] Launching helper process for spawning children vivado processes
INFO: [Synth 8-7075] Helper process launched with PID 14604
---------------------------------------------------------------------------------
Starting RTL Elaboration : Time (s): cpu = 00:00:04 ; elapsed = 00:00:04 . Memory (MB): peak = 1492.039 ; gain = 446.391
---------------------------------------------------------------------------------
INFO: [Synth 8-638] synthesizing module 'topModule' [D:/ProiecteSuplimentare/HumidityRead/HumidityRead/HumidityRead.srcs/sources_1/new/topModule.vhd:44]
INFO: [Synth 8-3491] module 'DHT11_module' declared at 'D:/ProiecteSuplimentare/HumidityRead/HumidityRead/HumidityRead.srcs/sources_1/new/DHT11_module.vhd:34' bound to instance 'DHT11' of component 'DHT11_module' [D:/ProiecteSuplimentare/HumidityRead/HumidityRead/HumidityRead.srcs/sources_1/new/topModule.vhd:99]
INFO: [Synth 8-638] synthesizing module 'DHT11_module' [D:/ProiecteSuplimentare/HumidityRead/HumidityRead/HumidityRead.srcs/sources_1/new/DHT11_module.vhd:45]
INFO: [Synth 8-256] done synthesizing module 'DHT11_module' (0#1) [D:/ProiecteSuplimentare/HumidityRead/HumidityRead/HumidityRead.srcs/sources_1/new/DHT11_module.vhd:45]
INFO: [Synth 8-3491] module 'SSD' declared at 'D:/ProiecteSuplimentare/HumidityRead/HumidityRead/HumidityRead.srcs/sources_1/new/SSD.vhd:36' bound to instance 'SSDtag' of component 'SSD' [D:/ProiecteSuplimentare/HumidityRead/HumidityRead/HumidityRead.srcs/sources_1/new/topModule.vhd:100]
INFO: [Synth 8-638] synthesizing module 'SSD' [D:/ProiecteSuplimentare/HumidityRead/HumidityRead/HumidityRead.srcs/sources_1/new/SSD.vhd:45]
INFO: [Synth 8-226] default block is never used [D:/ProiecteSuplimentare/HumidityRead/HumidityRead/HumidityRead.srcs/sources_1/new/SSD.vhd:89]
WARNING: [Synth 8-614] signal 'd0' is read in the process but is not in the sensitivity list [D:/ProiecteSuplimentare/HumidityRead/HumidityRead/HumidityRead.srcs/sources_1/new/SSD.vhd:87]
WARNING: [Synth 8-614] signal 'd1' is read in the process but is not in the sensitivity list [D:/ProiecteSuplimentare/HumidityRead/HumidityRead/HumidityRead.srcs/sources_1/new/SSD.vhd:87]
WARNING: [Synth 8-614] signal 'd2' is read in the process but is not in the sensitivity list [D:/ProiecteSuplimentare/HumidityRead/HumidityRead/HumidityRead.srcs/sources_1/new/SSD.vhd:87]
WARNING: [Synth 8-614] signal 'd3' is read in the process but is not in the sensitivity list [D:/ProiecteSuplimentare/HumidityRead/HumidityRead/HumidityRead.srcs/sources_1/new/SSD.vhd:87]
INFO: [Synth 8-256] done synthesizing module 'SSD' (0#1) [D:/ProiecteSuplimentare/HumidityRead/HumidityRead/HumidityRead.srcs/sources_1/new/SSD.vhd:45]
INFO: [Synth 8-256] done synthesizing module 'topModule' (0#1) [D:/ProiecteSuplimentare/HumidityRead/HumidityRead/HumidityRead.srcs/sources_1/new/topModule.vhd:44]
---------------------------------------------------------------------------------
Finished RTL Elaboration : Time (s): cpu = 00:00:05 ; elapsed = 00:00:06 . Memory (MB): peak = 1602.945 ; gain = 557.297
---------------------------------------------------------------------------------
---------------------------------------------------------------------------------
Start Handling Custom Attributes
---------------------------------------------------------------------------------
---------------------------------------------------------------------------------
Finished Handling Custom Attributes : Time (s): cpu = 00:00:05 ; elapsed = 00:00:06 . Memory (MB): peak = 1602.945 ; gain = 557.297
---------------------------------------------------------------------------------
---------------------------------------------------------------------------------
Finished RTL Optimization Phase 1 : Time (s): cpu = 00:00:05 ; elapsed = 00:00:06 . Memory (MB): peak = 1602.945 ; gain = 557.297
---------------------------------------------------------------------------------
Netlist sorting complete. Time (s): cpu = 00:00:00 ; elapsed = 00:00:00.005 . Memory (MB): peak = 1602.945 ; gain = 0.000
INFO: [Project 1-570] Preparing netlist for logic optimization

Processing XDC Constraints
Initializing timing engine
Parsing XDC File [D:/ProiecteSuplimentare/HumidityRead/HumidityRead/HumidityRead.srcs/constrs_1/imports/Downloads/Basys-3-Master.xdc]
Finished Parsing XDC File [D:/ProiecteSuplimentare/HumidityRead/HumidityRead/HumidityRead.srcs/constrs_1/imports/Downloads/Basys-3-Master.xdc]
INFO: [Project 1-236] Implementation specific constraints were found while reading constraint file [D:/ProiecteSuplimentare/HumidityRead/HumidityRead/HumidityRead.srcs/constrs_1/imports/Downloads/Basys-3-Master.xdc]. These constraints will be ignored for synthesis but will be used in implementation. Impacted constraints are listed in the file [.Xil/topModule_propImpl.xdc].
Resolution: To avoid this warning, move constraints listed in [.Xil/topModule_propImpl.xdc] to another XDC file and exclude this new file from synthesis with the used_in_synthesis property (File Properties dialog in GUI) and re-run elaboration/synthesis.
Completed Processing XDC Constraints

Netlist sorting complete. Time (s): cpu = 00:00:00 ; elapsed = 00:00:00 . Memory (MB): peak = 1703.828 ; gain = 0.000
INFO: [Project 1-111] Unisim Transformation Summary:
No Unisim elements were transformed.

Constraint Validation Runtime : Time (s): cpu = 00:00:00 ; elapsed = 00:00:00.002 . Memory (MB): peak = 1703.828 ; gain = 0.000
INFO: [Designutils 20-5440] No compile time benefit to using incremental synthesis; A full resynthesis will be run
INFO: [Designutils 20-4379] Flow is switching to default flow due to incremental criteria not met. If you would like to alter this behaviour and have the flow terminate instead, please set the following parameter config_implementation {autoIncr.Synth.RejectBehavior Terminate}
---------------------------------------------------------------------------------
Finished Constraint Validation : Time (s): cpu = 00:00:13 ; elapsed = 00:00:14 . Memory (MB): peak = 1703.828 ; gain = 658.180
---------------------------------------------------------------------------------
---------------------------------------------------------------------------------
Start Loading Part and Timing Information
---------------------------------------------------------------------------------
Loading part: xc7a35tcpg236-1
---------------------------------------------------------------------------------
Finished Loading Part and Timing Information : Time (s): cpu = 00:00:13 ; elapsed = 00:00:14 . Memory (MB): peak = 1703.828 ; gain = 658.180
---------------------------------------------------------------------------------
---------------------------------------------------------------------------------
Start Applying 'set_property' XDC Constraints
---------------------------------------------------------------------------------
---------------------------------------------------------------------------------
Finished applying 'set_property' XDC Constraints : Time (s): cpu = 00:00:13 ; elapsed = 00:00:14 . Memory (MB): peak = 1703.828 ; gain = 658.180
---------------------------------------------------------------------------------
INFO: [Synth 8-802] inferred FSM for state register 'state_reg' in module 'DHT11_module'
---------------------------------------------------------------------------------------------------
                   State |                     New Encoding |                Previous Encoding 
---------------------------------------------------------------------------------------------------
                    idle |                              000 |                              000
               start_low |                              001 |                              001
                 release |                              010 |                              010
                resp_low |                              011 |                              011
               resp_high |                              100 |                              100
               read_bits |                              101 |                              101
                finished |                              110 |                              110
---------------------------------------------------------------------------------------------------
INFO: [Synth 8-3354] encoded FSM with state register 'state_reg' using encoding 'sequential' in module 'DHT11_module'
---------------------------------------------------------------------------------
Finished RTL Optimization Phase 2 : Time (s): cpu = 00:00:15 ; elapsed = 00:00:16 . Memory (MB): peak = 1703.828 ; gain = 658.180
---------------------------------------------------------------------------------
---------------------------------------------------------------------------------
Start RTL Component Statistics 
---------------------------------------------------------------------------------
Detailed RTL Component Info : 
+---Adders : 
	   2 Input   32 Bit       Adders := 1     
	   2 Input   31 Bit       Adders := 3     
	   2 Input   28 Bit       Adders := 1     
	   2 Input    6 Bit       Adders := 1     
	   2 Input    4 Bit       Adders := 3     
+---Registers : 
	               40 Bit    Registers := 1     
	               32 Bit    Registers := 1     
	               28 Bit    Registers := 1     
	                8 Bit    Registers := 2     
	                6 Bit    Registers := 1     
	                1 Bit    Registers := 4     
+---Muxes : 
	   7 Input   40 Bit        Muxes := 1     
	   2 Input   32 Bit        Muxes := 1     
	   7 Input   32 Bit        Muxes := 1     
	   2 Input   31 Bit        Muxes := 3     
	   2 Input    8 Bit        Muxes := 1     
	   7 Input    6 Bit        Muxes := 1     
	   4 Input    4 Bit        Muxes := 2     
	   2 Input    4 Bit        Muxes := 3     
	   7 Input    3 Bit        Muxes := 1     
	   2 Input    1 Bit        Muxes := 2     
	   7 Input    1 Bit        Muxes := 10    
---------------------------------------------------------------------------------
Finished RTL Component Statistics 
---------------------------------------------------------------------------------
---------------------------------------------------------------------------------
Start Part Resource Summary
---------------------------------------------------------------------------------
Part Resources:
DSPs: 90 (col length:60)
BRAMs: 100 (col length: RAMB18 60 RAMB36 30)
---------------------------------------------------------------------------------
Finished Part Resource Summary
---------------------------------------------------------------------------------
---------------------------------------------------------------------------------
Start Cross Boundary and Area Optimization
---------------------------------------------------------------------------------
WARNING: [Synth 8-7080] Parallel synthesis criteria is not met
---------------------------------------------------------------------------------
Finished Cross Boundary and Area Optimization : Time (s): cpu = 00:00:19 ; elapsed = 00:00:20 . Memory (MB): peak = 1703.828 ; gain = 658.180
---------------------------------------------------------------------------------
---------------------------------------------------------------------------------
Start Applying XDC Timing Constraints
---------------------------------------------------------------------------------
---------------------------------------------------------------------------------
Finished Applying XDC Timing Constraints : Time (s): cpu = 00:00:23 ; elapsed = 00:00:25 . Memory (MB): peak = 1703.828 ; gain = 658.180
---------------------------------------------------------------------------------
---------------------------------------------------------------------------------
Start Timing Optimization
---------------------------------------------------------------------------------
---------------------------------------------------------------------------------
Finished Timing Optimization : Time (s): cpu = 00:00:24 ; elapsed = 00:00:25 . Memory (MB): peak = 1703.828 ; gain = 658.180
---------------------------------------------------------------------------------
---------------------------------------------------------------------------------
Start Technology Mapping
---------------------------------------------------------------------------------
---------------------------------------------------------------------------------
Finished Technology Mapping : Time (s): cpu = 00:00:24 ; elapsed = 00:00:25 . Memory (MB): peak = 1703.828 ; gain = 658.180
---------------------------------------------------------------------------------
---------------------------------------------------------------------------------
Start IO Insertion
---------------------------------------------------------------------------------
---------------------------------------------------------------------------------
Start Flattening Before IO Insertion
---------------------------------------------------------------------------------
---------------------------------------------------------------------------------
Finished Flattening Before IO Insertion
---------------------------------------------------------------------------------
---------------------------------------------------------------------------------
Start Final Netlist Cleanup
---------------------------------------------------------------------------------
---------------------------------------------------------------------------------
Finished Final Netlist Cleanup
---------------------------------------------------------------------------------
---------------------------------------------------------------------------------
Finished IO Insertion : Time (s): cpu = 00:00:28 ; elapsed = 00:00:29 . Memory (MB): peak = 1703.828 ; gain = 658.180
---------------------------------------------------------------------------------
---------------------------------------------------------------------------------
Start Renaming Generated Instances
---------------------------------------------------------------------------------
---------------------------------------------------------------------------------
Finished Renaming Generated Instances : Time (s): cpu = 00:00:28 ; elapsed = 00:00:29 . Memory (MB): peak = 1703.828 ; gain = 658.180
---------------------------------------------------------------------------------
---------------------------------------------------------------------------------
Start Rebuilding User Hierarchy
---------------------------------------------------------------------------------
---------------------------------------------------------------------------------
Finished Rebuilding User Hierarchy : Time (s): cpu = 00:00:28 ; elapsed = 00:00:29 . Memory (MB): peak = 1703.828 ; gain = 658.180
---------------------------------------------------------------------------------
---------------------------------------------------------------------------------
Start Renaming Generated Ports
---------------------------------------------------------------------------------
---------------------------------------------------------------------------------
Finished Renaming Generated Ports : Time (s): cpu = 00:00:28 ; elapsed = 00:00:29 . Memory (MB): peak = 1703.828 ; gain = 658.180
---------------------------------------------------------------------------------
---------------------------------------------------------------------------------
Start Handling Custom Attributes
---------------------------------------------------------------------------------
---------------------------------------------------------------------------------
Finished Handling Custom Attributes : Time (s): cpu = 00:00:28 ; elapsed = 00:00:29 . Memory (MB): peak = 1703.828 ; gain = 658.180
---------------------------------------------------------------------------------
---------------------------------------------------------------------------------
Start Renaming Generated Nets
---------------------------------------------------------------------------------
---------------------------------------------------------------------------------
Finished Renaming Generated Nets : Time (s): cpu = 00:00:28 ; elapsed = 00:00:29 . Memory (MB): peak = 1703.828 ; gain = 658.180
---------------------------------------------------------------------------------
---------------------------------------------------------------------------------
Start ROM, RAM, DSP, Shift Register and Retiming Reporting
---------------------------------------------------------------------------------

Static Shift Register Report:
+------------+---------------------+--------+-------+--------------+--------------------+-------------------+--------+---------+
|Module Name | RTL Name            | Length | Width | Reset Signal | Pull out first Reg | Pull out last Reg | SRL16E | SRLC32E | 
+------------+---------------------+--------+-------+--------------+--------------------+-------------------+--------+---------+
|topModule   | DHT11/shift_reg[32] | 9      | 1     | YES          | NO                 | YES               | 1      | 0       | 
|topModule   | DHT11/shift_reg[16] | 16     | 1     | YES          | NO                 | YES               | 1      | 0       | 
+------------+---------------------+--------+-------+--------------+--------------------+-------------------+--------+---------+

---------------------------------------------------------------------------------
Finished ROM, RAM, DSP, Shift Register and Retiming Reporting
---------------------------------------------------------------------------------
---------------------------------------------------------------------------------
Start Writing Synthesis Report
---------------------------------------------------------------------------------

Report BlackBoxes: 
+-+--------------+----------+
| |BlackBox name |Instances |
+-+--------------+----------+
+-+--------------+----------+

Report Cell Usage: 
+------+-------+------+
|      |Cell   |Count |
+------+-------+------+
|1     |BUFG   |     1|
|2     |CARRY4 |    85|
|3     |LUT1   |    12|
|4     |LUT2   |    68|
|5     |LUT3   |    89|
|6     |LUT4   |    73|
|7     |LUT5   |    57|
|8     |LUT6   |   165|
|9     |SRL16E |     2|
|10    |FDRE   |   142|
|11    |IBUF   |     2|
|12    |IOBUF  |     1|
|13    |OBUF   |    11|
+------+-------+------+
---------------------------------------------------------------------------------
Finished Writing Synthesis Report : Time (s): cpu = 00:00:28 ; elapsed = 00:00:29 . Memory (MB): peak = 1703.828 ; gain = 658.180
---------------------------------------------------------------------------------
Synthesis finished with 0 errors, 0 critical warnings and 1 warnings.
Synthesis Optimization Runtime : Time (s): cpu = 00:00:21 ; elapsed = 00:00:27 . Memory (MB): peak = 1703.828 ; gain = 557.297
Synthesis Optimization Complete : Time (s): cpu = 00:00:28 ; elapsed = 00:00:29 . Memory (MB): peak = 1703.828 ; gain = 658.180
INFO: [Project 1-571] Translating synthesized netlist
Netlist sorting complete. Time (s): cpu = 00:00:00 ; elapsed = 00:00:00.004 . Memory (MB): peak = 1703.828 ; gain = 0.000
INFO: [Netlist 29-17] Analyzing 86 Unisim elements for replacement
INFO: [Netlist 29-28] Unisim Transformation completed in 0 CPU seconds
INFO: [Project 1-570] Preparing netlist for logic optimization
INFO: [Opt 31-138] Pushed 0 inverter(s) to 0 load pin(s).
Netlist sorting complete. Time (s): cpu = 00:00:00 ; elapsed = 00:00:00 . Memory (MB): peak = 1703.828 ; gain = 0.000
INFO: [Project 1-111] Unisim Transformation Summary:
  A total of 1 instances were transformed.
  IOBUF => IOBUF (IBUF, OBUFT): 1 instance 

Synth Design complete | Checksum: 66fd038
INFO: [Common 17-83] Releasing license: Synthesis
33 Infos, 5 Warnings, 0 Critical Warnings and 0 Errors encountered.
synth_design completed successfully
synth_design: Time (s): cpu = 00:00:32 ; elapsed = 00:00:34 . Memory (MB): peak = 1703.828 ; gain = 1048.258
Write ShapeDB Complete: Time (s): cpu = 00:00:00 ; elapsed = 00:00:00.002 . Memory (MB): peak = 1703.828 ; gain = 0.000
INFO: [Common 17-1381] The checkpoint 'D:/ProiecteSuplimentare/HumidityRead/HumidityRead/HumidityRead.runs/synth_1/topModule.dcp' has been generated.
INFO: [Vivado 12-24828] Executing command : report_utilization -file topModule_utilization_synth.rpt -pb topModule_utilization_synth.pb
INFO: [Common 17-206] Exiting Vivado at Tue Feb 24 17:01:17 2026...
